  onlyoculus.cpp
d:\projects\source\opencv\build\include\opencv2\core\mat.hpp(2586): warning C4819: The file contains a character that cannot be represented in the current code page (936). Save the file in Unicode format to prevent data loss
d:\projects\source\opencv\build\include\opencv2\core\persistence.hpp : warning C4819: The file contains a character that cannot be represented in the current code page (936). Save the file in Unicode format to prevent data loss
d:\projects\source\opencv\build\include\opencv2\core\utility.hpp : warning C4819: The file contains a character that cannot be represented in the current code page (936). Save the file in Unicode format to prevent data loss
d:\projects\source\opencv\build\include\opencv2\core\utility.hpp : warning C4819: The file contains a character that cannot be represented in the current code page (936). Save the file in Unicode format to prevent data loss
d:\projects\source\opencv\build\include\opencv2\imgproc.hpp(592): warning C4819: The file contains a character that cannot be represented in the current code page (936). Save the file in Unicode format to prevent data loss
d:\myprojects\onlyoculus\onlyoculus\onlyoculus.cpp(340): warning C4838: conversion from 'double' to 'int' requires a narrowing conversion
d:\myprojects\onlyoculus\onlyoculus\onlyoculus.cpp(340): warning C4244: 'initializing': conversion from 'double' to 'int', possible loss of data
d:\myprojects\onlyoculus\onlyoculus\onlyoculus.cpp(583): warning C4800: 'ovrTextureSwapChain': forcing value to bool 'true' or 'false' (performance warning)
d:\myprojects\onlyoculus\onlyoculus\onlyoculus.cpp(612): warning C4244: 'initializing': conversion from 'double' to 'GLfloat', possible loss of data
d:\myprojects\onlyoculus\onlyoculus\onlyoculus.cpp(613): warning C4244: 'initializing': conversion from 'double' to 'GLfloat', possible loss of data
d:\myprojects\onlyoculus\onlyoculus\onlyoculus.cpp(614): warning C4244: 'initializing': conversion from 'double' to 'GLfloat', possible loss of data
loadwithAssimp.obj : error LNK2019: unresolved external symbol "public: __cdecl Assimp::Importer::Importer(void)" (??0Importer@Assimp@@QEAA@XZ) referenced in function "public: void __cdecl A_model::load_model(class std::basic_string<char,struct std::char_traits<char>,class std::allocator<char> >)" (?load_model@A_model@@QEAAXV?$basic_string@DU?$char_traits@D@std@@V?$allocator@D@2@@std@@@Z)
loadwithAssimp.obj : error LNK2019: unresolved external symbol "public: __cdecl Assimp::Importer::~Importer(void)" (??1Importer@Assimp@@QEAA@XZ) referenced in function "public: void __cdecl A_model::load_model(class std::basic_string<char,struct std::char_traits<char>,class std::allocator<char> >)" (?load_model@A_model@@QEAAXV?$basic_string@DU?$char_traits@D@std@@V?$allocator@D@2@@std@@@Z)
loadwithAssimp.obj : error LNK2019: unresolved external symbol "public: struct aiScene const * __cdecl Assimp::Importer::ReadFile(char const *,unsigned int)" (?ReadFile@Importer@Assimp@@QEAAPEBUaiScene@@PEBDI@Z) referenced in function "public: struct aiScene const * __cdecl Assimp::Importer::ReadFile(class std::basic_string<char,struct std::char_traits<char>,class std::allocator<char> > const &,unsigned int)" (?ReadFile@Importer@Assimp@@QEAAPEBUaiScene@@AEBV?$basic_string@DU?$char_traits@D@std@@V?$allocator@D@2@@std@@I@Z)
loadwithAssimp.obj : error LNK2019: unresolved external symbol "public: char const * __cdecl Assimp::Importer::GetErrorString(void)const " (?GetErrorString@Importer@Assimp@@QEBAPEBDXZ) referenced in function "public: void __cdecl A_model::load_model(class std::basic_string<char,struct std::char_traits<char>,class std::allocator<char> >)" (?load_model@A_model@@QEAAXV?$basic_string@DU?$char_traits@D@std@@V?$allocator@D@2@@std@@@Z)
loadwithAssimp.obj : error LNK2019: unresolved external symbol aiGetMaterialTextureCount referenced in function "public: unsigned int __cdecl aiMaterial::GetTextureCount(enum aiTextureType)const " (?GetTextureCount@aiMaterial@@QEBAIW4aiTextureType@@@Z)
loadwithAssimp.obj : error LNK2019: unresolved external symbol aiGetMaterialTexture referenced in function "public: enum aiReturn __cdecl aiMaterial::GetTexture(enum aiTextureType,unsigned int,struct aiString *,enum aiTextureMapping *,unsigned int *,float *,enum aiTextureOp *,enum aiTextureMapMode *)const " (?GetTexture@aiMaterial@@QEBA?AW4aiReturn@@W4aiTextureType@@IPEAUaiString@@PEAW4aiTextureMapping@@PEAIPEAMPEAW4aiTextureOp@@PEAW4aiTextureMapMode@@@Z)
D:\Projects\assimp\lib\assimp-vc140-mt.lib : warning LNK4272: library machine type 'X86' conflicts with target machine type 'x64'
D:\MyProjects\onlyoculus\x64\Debug\onlyoculus.exe : fatal error LNK1120: 6 unresolved externals
